<html>
<head>
<title>TestNG:  Default test</title>
<link href="../testng.css" rel="stylesheet" type="text/css" />
<link href="../my-testng.css" rel="stylesheet" type="text/css" />

<style type="text/css">
.log { display: none;} 
.stack-trace { display: none;} 
</style>
<script type="text/javascript">
<!--
function flip(e) {
  current = e.style.display;
  if (current == 'block') {
    e.style.display = 'none';
    return 0;
  }
  else {
    e.style.display = 'block';
    return 1;
  }
}

function toggleBox(szDivId, elem, msg1, msg2)
{
  var res = -1;  if (document.getElementById) {
    res = flip(document.getElementById(szDivId));
  }
  else if (document.all) {
    // this is the way old msie versions work
    res = flip(document.all[szDivId]);
  }
  if(elem) {
    if(res == 0) elem.innerHTML = msg1; else elem.innerHTML = msg2;
  }

}

function toggleAllBoxes() {
  if (document.getElementsByTagName) {
    d = document.getElementsByTagName('div');
    for (i = 0; i < d.length; i++) {
      if (d[i].className == 'log') {
        flip(d[i]);
      }
    }
  }
}

// -->
</script>

</head>
<body>
<h2 align='center'>Default test</h2><table border='1' align="center">
<tr>
<td>Tests passed/Failed/Skipped:</td><td>2/4/0</td>
</tr><tr>
<td>Started on:</td><td>Wed Jun 12 09:55:42 IST 2024</td>
</tr>
<tr><td>Total time:</td><td>56 seconds (56459 ms)</td>
</tr><tr>
<td>Included groups:</td><td></td>
</tr><tr>
<td>Excluded groups:</td><td></td>
</tr>
</table><p/>
<small><i>(Hover the method name to see the test class name)</i></small><p/>
<table width='100%' border='1' class='invocation-failed'>
<tr><td colspan='4' align='center'><b>FAILED TESTS</b></td></tr>
<tr><td><b>Test method</b></td>
<td width="30%"><b>Exception</b></td>
<td width="10%"><b>Time (seconds)</b></td>
<td><b>Instance</b></td>
</tr>
<tr>
<td title='runner.TestRunner.runScenario()'><b>runScenario</b><br>Test class: runner.TestRunner<br>Test method: Runs Cucumber Scenarios<br>Parameters: "Successfully login with testdata", "Login scenario test"</td>
<td><div><pre>java.lang.AssertionError: expected [https://debugautomation.com/Home.html] but found [https://debugautomation.com/]
	at org.testng.Assert.fail(Assert.java:97)
	at org.testng.Assert.assertEqualsImpl(Assert.java:136)
	at org.testng.Assert.assertEquals(Assert.java:118)
	at org.testng.Assert.assertEquals(Assert.java:575)
	at org.testng.Assert.assertEquals(Assert.java:585)
	at stepDefination.LoginStep.user_will_verify_homepage(LoginStep.java:47)
	at ✽.user will verify homepage(file:///Users/pravintambare/Documents/workspace-spring-tool-suite-4-4.13.1.RELEASE/Framework2324/src/test/resources/feature/Login2.feature:7)
</pre></div><a href='#' onClick='toggleBox("stack-trace1744591389", this, "Click to show all stack frames", "Click to hide stack frames")'>Click to show all stack frames</a>
<div class='stack-trace' id='stack-trace1744591389'><pre>java.lang.AssertionError: expected [https://debugautomation.com/Home.html] but found [https://debugautomation.com/]
	at org.testng.Assert.fail(Assert.java:97)
	at org.testng.Assert.assertEqualsImpl(Assert.java:136)
	at org.testng.Assert.assertEquals(Assert.java:118)
	at org.testng.Assert.assertEquals(Assert.java:575)
	at org.testng.Assert.assertEquals(Assert.java:585)
	at stepDefination.LoginStep.user_will_verify_homepage(LoginStep.java:47)
	at ✽.user will verify homepage(file:///Users/pravintambare/Documents/workspace-spring-tool-suite-4-4.13.1.RELEASE/Framework2324/src/test/resources/feature/Login2.feature:7)
</pre></div></td>
<td>42</td>
<td>runner.TestRunner@7a419da4</td></tr>
<tr>
<td title='runner.TestRunner.runScenario()'><b>runScenario</b><br>Test class: runner.TestRunner<br>Test method: Runs Cucumber Scenarios<br>Parameters: "Login with incorrect username and password", "Login scenario"</td>
<td><div><pre>java.lang.AssertionError: expected [https://debugautomation.com/Home.html] but found [https://debugautomation.com/]
	at org.testng.Assert.fail(Assert.java:97)
	at org.testng.Assert.assertEqualsImpl(Assert.java:136)
	at org.testng.Assert.assertEquals(Assert.java:118)
	at org.testng.Assert.assertEquals(Assert.java:575)
	at org.testng.Assert.assertEquals(Assert.java:585)
	at stepDefination.LoginStep.user_will_verify_homepage(LoginStep.java:47)
	at ✽.user will verify homepage(file:///Users/pravintambare/Documents/workspace-spring-tool-suite-4-4.13.1.RELEASE/Framework2324/src/test/resources/feature/Login.feature:11)
</pre></div><a href='#' onClick='toggleBox("stack-trace1311170802", this, "Click to show all stack frames", "Click to hide stack frames")'>Click to show all stack frames</a>
<div class='stack-trace' id='stack-trace1311170802'><pre>java.lang.AssertionError: expected [https://debugautomation.com/Home.html] but found [https://debugautomation.com/]
	at org.testng.Assert.fail(Assert.java:97)
	at org.testng.Assert.assertEqualsImpl(Assert.java:136)
	at org.testng.Assert.assertEquals(Assert.java:118)
	at org.testng.Assert.assertEquals(Assert.java:575)
	at org.testng.Assert.assertEquals(Assert.java:585)
	at stepDefination.LoginStep.user_will_verify_homepage(LoginStep.java:47)
	at ✽.user will verify homepage(file:///Users/pravintambare/Documents/workspace-spring-tool-suite-4-4.13.1.RELEASE/Framework2324/src/test/resources/feature/Login.feature:11)
</pre></div></td>
<td>42</td>
<td>runner.TestRunner@7a419da4</td></tr>
<tr>
<td title='runner.TestRunner.runScenario()'><b>runScenario</b><br>Test class: runner.TestRunner<br>Test method: Runs Cucumber Scenarios<br>Parameters: "Successfully login with testdata", "Login scenario test"</td>
<td><div><pre>java.lang.AssertionError: expected [https://debugautomation.com/Home.html] but found [https://debugautomation.com/]
	at org.testng.Assert.fail(Assert.java:97)
	at org.testng.Assert.assertEqualsImpl(Assert.java:136)
	at org.testng.Assert.assertEquals(Assert.java:118)
	at org.testng.Assert.assertEquals(Assert.java:575)
	at org.testng.Assert.assertEquals(Assert.java:585)
	at stepDefination.LoginStep.user_will_verify_homepage(LoginStep.java:47)
	at ✽.user will verify homepage(file:///Users/pravintambare/Documents/workspace-spring-tool-suite-4-4.13.1.RELEASE/Framework2324/src/test/resources/feature/Login2.feature:7)
</pre></div><a href='#' onClick='toggleBox("stack-trace1637939688", this, "Click to show all stack frames", "Click to hide stack frames")'>Click to show all stack frames</a>
<div class='stack-trace' id='stack-trace1637939688'><pre>java.lang.AssertionError: expected [https://debugautomation.com/Home.html] but found [https://debugautomation.com/]
	at org.testng.Assert.fail(Assert.java:97)
	at org.testng.Assert.assertEqualsImpl(Assert.java:136)
	at org.testng.Assert.assertEquals(Assert.java:118)
	at org.testng.Assert.assertEquals(Assert.java:575)
	at org.testng.Assert.assertEquals(Assert.java:585)
	at stepDefination.LoginStep.user_will_verify_homepage(LoginStep.java:47)
	at ✽.user will verify homepage(file:///Users/pravintambare/Documents/workspace-spring-tool-suite-4-4.13.1.RELEASE/Framework2324/src/test/resources/feature/Login2.feature:7)
</pre></div></td>
<td>44</td>
<td>runner.TestRunner@7a419da4</td></tr>
<tr>
<td title='runner.TestRunner.runScenario()'><b>runScenario</b><br>Test class: runner.TestRunner<br>Test method: Runs Cucumber Scenarios<br>Parameters: "Successfully login with testdata", "Login scenario test"</td>
<td><div><pre>java.lang.AssertionError: expected [https://debugautomation.com/Home.html] but found [https://debugautomation.com/]
	at org.testng.Assert.fail(Assert.java:97)
	at org.testng.Assert.assertEqualsImpl(Assert.java:136)
	at org.testng.Assert.assertEquals(Assert.java:118)
	at org.testng.Assert.assertEquals(Assert.java:575)
	at org.testng.Assert.assertEquals(Assert.java:585)
	at stepDefination.LoginStep.user_will_verify_homepage(LoginStep.java:47)
	at ✽.user will verify homepage(file:///Users/pravintambare/Documents/workspace-spring-tool-suite-4-4.13.1.RELEASE/Framework2324/src/test/resources/feature/Login2.feature:7)
</pre></div><a href='#' onClick='toggleBox("stack-trace2095777587", this, "Click to show all stack frames", "Click to hide stack frames")'>Click to show all stack frames</a>
<div class='stack-trace' id='stack-trace2095777587'><pre>java.lang.AssertionError: expected [https://debugautomation.com/Home.html] but found [https://debugautomation.com/]
	at org.testng.Assert.fail(Assert.java:97)
	at org.testng.Assert.assertEqualsImpl(Assert.java:136)
	at org.testng.Assert.assertEquals(Assert.java:118)
	at org.testng.Assert.assertEquals(Assert.java:575)
	at org.testng.Assert.assertEquals(Assert.java:585)
	at stepDefination.LoginStep.user_will_verify_homepage(LoginStep.java:47)
	at ✽.user will verify homepage(file:///Users/pravintambare/Documents/workspace-spring-tool-suite-4-4.13.1.RELEASE/Framework2324/src/test/resources/feature/Login2.feature:7)
</pre></div></td>
<td>44</td>
<td>runner.TestRunner@7a419da4</td></tr>
</table><p>
<table width='100%' border='1' class='invocation-passed'>
<tr><td colspan='4' align='center'><b>PASSED TESTS</b></td></tr>
<tr><td><b>Test method</b></td>
<td width="30%"><b>Exception</b></td>
<td width="10%"><b>Time (seconds)</b></td>
<td><b>Instance</b></td>
</tr>
<tr>
<td title='runner.TestRunner.runScenario()'><b>runScenario</b><br>Test class: runner.TestRunner<br>Test method: Runs Cucumber Scenarios<br>Parameters: "Login with correct username and password", "Login scenario"</td>
<td></td>
<td>49</td>
<td>runner.TestRunner@7a419da4</td></tr>
<tr>
<td title='runner.TestRunner.runScenario()'><b>runScenario</b><br>Test class: runner.TestRunner<br>Test method: Runs Cucumber Scenarios<br>Parameters: "verify selenium link", "Home page"</td>
<td></td>
<td>49</td>
<td>runner.TestRunner@7a419da4</td></tr>
</table><p>
</body>
</html>