<?xml version="1.0" encoding="UTF-8"?>
<!-- Generated by org.testng.reporters.JUnitXMLReporter -->
<testsuite ignored="0" hostname="Pravins-MacBook-Pro.local" failures="4" tests="6" name="Default test" time="56.459" errors="0" timestamp="2024-06-12T09:56:44 IST">
  <testcase classname="io.cucumber.testng.AbstractTestNGCucumberTests" name="runScenario" time="42.671">
    <failure type="java.lang.AssertionError" message="expected [https://debugautomation.com/Home.html] but found [https://debugautomation.com/]">
      <![CDATA[java.lang.AssertionError: expected [https://debugautomation.com/Home.html] but found [https://debugautomation.com/]
at org.testng.Assert.fail(Assert.java:97)
at org.testng.Assert.assertEqualsImpl(Assert.java:136)
at org.testng.Assert.assertEquals(Assert.java:118)
at org.testng.Assert.assertEquals(Assert.java:575)
at org.testng.Assert.assertEquals(Assert.java:585)
at stepDefination.LoginStep.user_will_verify_homepage(LoginStep.java:47)
at ✽.user will verify homepage(file:///Users/pravintambare/Documents/workspace-spring-tool-suite-4-4.13.1.RELEASE/Framework2324/src/test/resources/feature/Login2.feature:7)
]]>
    </failure>
  </testcase> <!-- runScenario -->
  <testcase classname="io.cucumber.testng.AbstractTestNGCucumberTests" name="runScenario" time="42.916">
    <failure type="java.lang.AssertionError" message="expected [https://debugautomation.com/Home.html] but found [https://debugautomation.com/]">
      <![CDATA[java.lang.AssertionError: expected [https://debugautomation.com/Home.html] but found [https://debugautomation.com/]
at org.testng.Assert.fail(Assert.java:97)
at org.testng.Assert.assertEqualsImpl(Assert.java:136)
at org.testng.Assert.assertEquals(Assert.java:118)
at org.testng.Assert.assertEquals(Assert.java:575)
at org.testng.Assert.assertEquals(Assert.java:585)
at stepDefination.LoginStep.user_will_verify_homepage(LoginStep.java:47)
at ✽.user will verify homepage(file:///Users/pravintambare/Documents/workspace-spring-tool-suite-4-4.13.1.RELEASE/Framework2324/src/test/resources/feature/Login.feature:11)
]]>
    </failure>
  </testcase> <!-- runScenario -->
  <testcase classname="io.cucumber.testng.AbstractTestNGCucumberTests" name="runScenario" time="44.773">
    <failure type="java.lang.AssertionError" message="expected [https://debugautomation.com/Home.html] but found [https://debugautomation.com/]">
      <![CDATA[java.lang.AssertionError: expected [https://debugautomation.com/Home.html] but found [https://debugautomation.com/]
at org.testng.Assert.fail(Assert.java:97)
at org.testng.Assert.assertEqualsImpl(Assert.java:136)
at org.testng.Assert.assertEquals(Assert.java:118)
at org.testng.Assert.assertEquals(Assert.java:575)
at org.testng.Assert.assertEquals(Assert.java:585)
at stepDefination.LoginStep.user_will_verify_homepage(LoginStep.java:47)
at ✽.user will verify homepage(file:///Users/pravintambare/Documents/workspace-spring-tool-suite-4-4.13.1.RELEASE/Framework2324/src/test/resources/feature/Login2.feature:7)
]]>
    </failure>
  </testcase> <!-- runScenario -->
  <testcase classname="io.cucumber.testng.AbstractTestNGCucumberTests" name="runScenario" time="44.864">
    <failure type="java.lang.AssertionError" message="expected [https://debugautomation.com/Home.html] but found [https://debugautomation.com/]">
      <![CDATA[java.lang.AssertionError: expected [https://debugautomation.com/Home.html] but found [https://debugautomation.com/]
at org.testng.Assert.fail(Assert.java:97)
at org.testng.Assert.assertEqualsImpl(Assert.java:136)
at org.testng.Assert.assertEquals(Assert.java:118)
at org.testng.Assert.assertEquals(Assert.java:575)
at org.testng.Assert.assertEquals(Assert.java:585)
at stepDefination.LoginStep.user_will_verify_homepage(LoginStep.java:47)
at ✽.user will verify homepage(file:///Users/pravintambare/Documents/workspace-spring-tool-suite-4-4.13.1.RELEASE/Framework2324/src/test/resources/feature/Login2.feature:7)
]]>
    </failure>
  </testcase> <!-- runScenario -->
  <testcase classname="io.cucumber.testng.AbstractTestNGCucumberTests" name="runScenario" time="49.181"/>
  <testcase classname="io.cucumber.testng.AbstractTestNGCucumberTests" name="runScenario" time="49.836"/>
</testsuite> <!-- Default test -->
