<?xml version="1.0" encoding="UTF-8"?>
<testng-results ignored="0" total="6" passed="2" failed="4" skipped="0">
  <reporter-output>
  </reporter-output>
  <suite started-at="2024-06-12T09:55:42 IST" name="Default suite" finished-at="2024-06-12T09:56:39 IST" duration-ms="56459">
    <groups>
      <group name="cucumber">
        <method signature="AbstractTestNGCucumberTests.runScenario(io.cucumber.testng.PickleWrapper, io.cucumber.testng.FeatureWrapper)[pri:0, instance:runner.TestRunner@7a419da4]" name="runScenario" class="io.cucumber.testng.AbstractTestNGCucumberTests"/>
      </group> <!-- cucumber -->
    </groups>
    <test started-at="2024-06-12T09:55:42 IST" name="Default test" finished-at="2024-06-12T09:56:39 IST" duration-ms="56459">
      <class name="runner.TestRunner">
        <test-method is-config="true" signature="setUpClass(org.testng.ITestContext)[pri:0, instance:runner.TestRunner@7a419da4]" started-at="2024-06-12T09:55:42 IST" name="setUpClass" finished-at="2024-06-12T09:55:44 IST" duration-ms="2175" status="PASS">
          <params>
            <param index="0">
              <value>
                <![CDATA[org.testng.TestRunner@27b2faa6]]>
              </value>
            </param>
          </params>
          <reporter-output>
          </reporter-output>
        </test-method> <!-- setUpClass -->
        <test-method signature="runScenario(io.cucumber.testng.PickleWrapper, io.cucumber.testng.FeatureWrapper)[pri:0, instance:runner.TestRunner@7a419da4]" started-at="2024-06-12T09:55:44 IST" name="runScenario" description="Runs Cucumber Scenarios" data-provider="scenarios" finished-at="2024-06-12T09:56:34 IST" duration-ms="49836" status="PASS">
          <params>
            <param index="0">
              <value>
                <![CDATA["verify selenium link"]]>
              </value>
            </param>
            <param index="1">
              <value>
                <![CDATA["Home page"]]>
              </value>
            </param>
          </params>
          <reporter-output>
          </reporter-output>
        </test-method> <!-- runScenario -->
        <test-method signature="runScenario(io.cucumber.testng.PickleWrapper, io.cucumber.testng.FeatureWrapper)[pri:0, instance:runner.TestRunner@7a419da4]" started-at="2024-06-12T09:55:44 IST" name="runScenario" description="Runs Cucumber Scenarios" data-provider="scenarios" finished-at="2024-06-12T09:56:27 IST" duration-ms="42916" status="FAIL">
          <params>
            <param index="0">
              <value>
                <![CDATA["Login with incorrect username and password"]]>
              </value>
            </param>
            <param index="1">
              <value>
                <![CDATA["Login scenario"]]>
              </value>
            </param>
          </params>
          <exception class="java.lang.AssertionError">
            <message>
              <![CDATA[expected [https://debugautomation.com/Home.html] but found [https://debugautomation.com/]]]>
            </message>
            <full-stacktrace>
              <![CDATA[java.lang.AssertionError: expected [https://debugautomation.com/Home.html] but found [https://debugautomation.com/]
at org.testng.Assert.fail(Assert.java:97)
at org.testng.Assert.assertEqualsImpl(Assert.java:136)
at org.testng.Assert.assertEquals(Assert.java:118)
at org.testng.Assert.assertEquals(Assert.java:575)
at org.testng.Assert.assertEquals(Assert.java:585)
at stepDefination.LoginStep.user_will_verify_homepage(LoginStep.java:47)
at ✽.user will verify homepage(file:///Users/pravintambare/Documents/workspace-spring-tool-suite-4-4.13.1.RELEASE/Framework2324/src/test/resources/feature/Login.feature:11)
]]>
            </full-stacktrace>
          </exception> <!-- java.lang.AssertionError -->
          <reporter-output>
          </reporter-output>
        </test-method> <!-- runScenario -->
        <test-method signature="runScenario(io.cucumber.testng.PickleWrapper, io.cucumber.testng.FeatureWrapper)[pri:0, instance:runner.TestRunner@7a419da4]" started-at="2024-06-12T09:55:44 IST" name="runScenario" description="Runs Cucumber Scenarios" data-provider="scenarios" finished-at="2024-06-12T09:56:34 IST" duration-ms="49181" status="PASS">
          <params>
            <param index="0">
              <value>
                <![CDATA["Login with correct username and password"]]>
              </value>
            </param>
            <param index="1">
              <value>
                <![CDATA["Login scenario"]]>
              </value>
            </param>
          </params>
          <reporter-output>
          </reporter-output>
        </test-method> <!-- runScenario -->
        <test-method signature="runScenario(io.cucumber.testng.PickleWrapper, io.cucumber.testng.FeatureWrapper)[pri:0, instance:runner.TestRunner@7a419da4]" started-at="2024-06-12T09:55:44 IST" name="runScenario" description="Runs Cucumber Scenarios" data-provider="scenarios" finished-at="2024-06-12T09:56:29 IST" duration-ms="44864" status="FAIL">
          <params>
            <param index="0">
              <value>
                <![CDATA["Successfully login with testdata"]]>
              </value>
            </param>
            <param index="1">
              <value>
                <![CDATA["Login scenario test"]]>
              </value>
            </param>
          </params>
          <exception class="java.lang.AssertionError">
            <message>
              <![CDATA[expected [https://debugautomation.com/Home.html] but found [https://debugautomation.com/]]]>
            </message>
            <full-stacktrace>
              <![CDATA[java.lang.AssertionError: expected [https://debugautomation.com/Home.html] but found [https://debugautomation.com/]
at org.testng.Assert.fail(Assert.java:97)
at org.testng.Assert.assertEqualsImpl(Assert.java:136)
at org.testng.Assert.assertEquals(Assert.java:118)
at org.testng.Assert.assertEquals(Assert.java:575)
at org.testng.Assert.assertEquals(Assert.java:585)
at stepDefination.LoginStep.user_will_verify_homepage(LoginStep.java:47)
at ✽.user will verify homepage(file:///Users/pravintambare/Documents/workspace-spring-tool-suite-4-4.13.1.RELEASE/Framework2324/src/test/resources/feature/Login2.feature:7)
]]>
            </full-stacktrace>
          </exception> <!-- java.lang.AssertionError -->
          <reporter-output>
          </reporter-output>
        </test-method> <!-- runScenario -->
        <test-method signature="runScenario(io.cucumber.testng.PickleWrapper, io.cucumber.testng.FeatureWrapper)[pri:0, instance:runner.TestRunner@7a419da4]" started-at="2024-06-12T09:55:44 IST" name="runScenario" description="Runs Cucumber Scenarios" data-provider="scenarios" finished-at="2024-06-12T09:56:27 IST" duration-ms="42671" status="FAIL">
          <params>
            <param index="0">
              <value>
                <![CDATA["Successfully login with testdata"]]>
              </value>
            </param>
            <param index="1">
              <value>
                <![CDATA["Login scenario test"]]>
              </value>
            </param>
          </params>
          <exception class="java.lang.AssertionError">
            <message>
              <![CDATA[expected [https://debugautomation.com/Home.html] but found [https://debugautomation.com/]]]>
            </message>
            <full-stacktrace>
              <![CDATA[java.lang.AssertionError: expected [https://debugautomation.com/Home.html] but found [https://debugautomation.com/]
at org.testng.Assert.fail(Assert.java:97)
at org.testng.Assert.assertEqualsImpl(Assert.java:136)
at org.testng.Assert.assertEquals(Assert.java:118)
at org.testng.Assert.assertEquals(Assert.java:575)
at org.testng.Assert.assertEquals(Assert.java:585)
at stepDefination.LoginStep.user_will_verify_homepage(LoginStep.java:47)
at ✽.user will verify homepage(file:///Users/pravintambare/Documents/workspace-spring-tool-suite-4-4.13.1.RELEASE/Framework2324/src/test/resources/feature/Login2.feature:7)
]]>
            </full-stacktrace>
          </exception> <!-- java.lang.AssertionError -->
          <reporter-output>
          </reporter-output>
        </test-method> <!-- runScenario -->
        <test-method signature="runScenario(io.cucumber.testng.PickleWrapper, io.cucumber.testng.FeatureWrapper)[pri:0, instance:runner.TestRunner@7a419da4]" started-at="2024-06-12T09:55:44 IST" name="runScenario" description="Runs Cucumber Scenarios" data-provider="scenarios" finished-at="2024-06-12T09:56:29 IST" duration-ms="44773" status="FAIL">
          <params>
            <param index="0">
              <value>
                <![CDATA["Successfully login with testdata"]]>
              </value>
            </param>
            <param index="1">
              <value>
                <![CDATA["Login scenario test"]]>
              </value>
            </param>
          </params>
          <exception class="java.lang.AssertionError">
            <message>
              <![CDATA[expected [https://debugautomation.com/Home.html] but found [https://debugautomation.com/]]]>
            </message>
            <full-stacktrace>
              <![CDATA[java.lang.AssertionError: expected [https://debugautomation.com/Home.html] but found [https://debugautomation.com/]
at org.testng.Assert.fail(Assert.java:97)
at org.testng.Assert.assertEqualsImpl(Assert.java:136)
at org.testng.Assert.assertEquals(Assert.java:118)
at org.testng.Assert.assertEquals(Assert.java:575)
at org.testng.Assert.assertEquals(Assert.java:585)
at stepDefination.LoginStep.user_will_verify_homepage(LoginStep.java:47)
at ✽.user will verify homepage(file:///Users/pravintambare/Documents/workspace-spring-tool-suite-4-4.13.1.RELEASE/Framework2324/src/test/resources/feature/Login2.feature:7)
]]>
            </full-stacktrace>
          </exception> <!-- java.lang.AssertionError -->
          <reporter-output>
          </reporter-output>
        </test-method> <!-- runScenario -->
        <test-method is-config="true" signature="tearDownClass()[pri:0, instance:runner.TestRunner@7a419da4]" started-at="2024-06-12T09:56:34 IST" name="tearDownClass" finished-at="2024-06-12T09:56:39 IST" duration-ms="4300" status="PASS">
          <reporter-output>
          </reporter-output>
        </test-method> <!-- tearDownClass -->
      </class> <!-- runner.TestRunner -->
    </test> <!-- Default test -->
  </suite> <!-- Default suite -->
</testng-results>
